{
  "RSpec": {
    "coverage": {
      "/home/ad/fshome4/u4/m/maef/Linux/ratebeer/app/models/rating.rb": [
        1,
        1,
        1,
        null,
        1,
        null,
        null,
        null,
        1,
        0,
        null,
        null,
        null
      ],
      "/home/ad/fshome4/u4/m/maef/Linux/ratebeer/app/helpers/application_helper.rb": [
        1,
        null
      ],
      "/home/ad/fshome4/u4/m/maef/Linux/ratebeer/app/helpers/beer_clubs_helper.rb": [
        1,
        null
      ],
      "/home/ad/fshome4/u4/m/maef/Linux/ratebeer/app/helpers/beers_helper.rb": [
        1,
        null
      ],
      "/home/ad/fshome4/u4/m/maef/Linux/ratebeer/app/helpers/breweries_helper.rb": [
        1,
        null
      ],
      "/home/ad/fshome4/u4/m/maef/Linux/ratebeer/app/helpers/memberships_helper.rb": [
        1,
        null
      ],
      "/home/ad/fshome4/u4/m/maef/Linux/ratebeer/app/helpers/styles_helper.rb": [
        1,
        null
      ],
      "/home/ad/fshome4/u4/m/maef/Linux/ratebeer/app/helpers/users_helper.rb": [
        1,
        null
      ],
      "/home/ad/fshome4/u4/m/maef/Linux/ratebeer/app/controllers/beer_clubs_controller.rb": [
        1,
        1,
        null,
        null,
        null,
        1,
        0,
        null,
        null,
        null,
        null,
        1,
        0,
        0,
        null,
        null,
        null,
        1,
        0,
        null,
        null,
        null,
        1,
        null,
        null,
        null,
        null,
        1,
        0,
        null,
        0,
        0,
        0,
        0,
        null,
        0,
        0,
        null,
        null,
        null,
        null,
        null,
        null,
        1,
        0,
        0,
        0,
        0,
        null,
        0,
        0,
        null,
        null,
        null,
        null,
        null,
        null,
        1,
        0,
        0,
        0,
        0,
        null,
        null,
        null,
        1,
        null,
        1,
        0,
        null,
        null,
        null,
        1,
        0,
        null,
        null
      ],
      "/home/ad/fshome4/u4/m/maef/Linux/ratebeer/app/controllers/application_controller.rb": [
        1,
        null,
        null,
        1,
        null,
        1,
        null,
        1,
        0,
        null,
        null,
        1,
        0,
        0,
        null,
        null
      ],
      "/home/ad/fshome4/u4/m/maef/Linux/ratebeer/app/controllers/memberships_controller.rb": [
        1,
        1,
        null,
        null,
        null,
        1,
        0,
        null,
        null,
        null,
        null,
        1,
        null,
        null,
        null,
        1,
        0,
        0,
        null,
        null,
        null,
        1,
        null,
        null,
        null,
        null,
        1,
        0,
        0,
        0,
        0,
        0,
        0,
        null,
        0,
        0,
        0,
        null,
        null,
        null,
        null,
        null,
        null,
        1,
        0,
        0,
        0,
        0,
        null,
        0,
        0,
        null,
        null,
        null,
        null,
        null,
        null,
        1,
        0,
        0,
        0,
        0,
        0,
        null,
        null,
        null,
        1,
        null,
        1,
        0,
        null,
        null,
        null,
        1,
        0,
        null,
        null
      ],
      "/home/ad/fshome4/u4/m/maef/Linux/ratebeer/app/controllers/styles_controller.rb": [
        1,
        1,
        null,
        null,
        null,
        1,
        0,
        null,
        null,
        null,
        null,
        1,
        null,
        null,
        null,
        1,
        0,
        null,
        null,
        null,
        1,
        null,
        null,
        null,
        null,
        1,
        0,
        null,
        0,
        0,
        0,
        0,
        null,
        0,
        0,
        null,
        null,
        null,
        null,
        null,
        null,
        1,
        0,
        0,
        0,
        0,
        null,
        0,
        0,
        null,
        null,
        null,
        null,
        null,
        null,
        1,
        0,
        0,
        0,
        0,
        null,
        null,
        null,
        1,
        null,
        1,
        0,
        null,
        null,
        null,
        1,
        0,
        null,
        null
      ],
      "/home/ad/fshome4/u4/m/maef/Linux/ratebeer/app/models/beer_club.rb": [
        1,
        1,
        1,
        null
      ]
    },
    "timestamp": 1423741360
  }
}
